{
    "current_condition": [
        {
            "FeelsLikeC": "-14",
            "FeelsLikeF": "7",
            "cloudcover": "62",
            "humidity": "85",
            "lang_ru": [
                {
                    "value": "Небольшой снегопад"
                }
            ],
            "localObsDateTime": "2025-02-15 08:21 PM",
            "observation_time": "05:21 PM",
            "precipInches": "0.0",
            "precipMM": "0.0",
            "pressure": "1010",
            "pressureInches": "30",
            "temp_C": "-9",
            "temp_F": "16",
            "uvIndex": "0",
            "visibility": "9",
            "visibilityMiles": "5",
            "weatherCode": "326",
            "weatherDesc": [
                {
                    "value": "Light snow shower"
                }
            ],
            "weatherIconUrl": [
                {
                    "value": ""
                }
            ],
            "winddir16Point": "NNW",
            "winddirDegree": "341",
            "windspeedKmph": "10",
            "windspeedMiles": "6"
        }
    ],
    "nearest_area": [
        {
            "areaName": [
                {
                    "value": "Москва"
                }
            ],
            "country": [
                {
                    "value": "Russia"
                }
            ],
            "latitude": "55.752",
            "longitude": "37.616",
            "population": "10381288",
            "region": [
                {
                    "value": "Moscow City"
                }
            ],
            "weatherUrl": [
                {
                    "value": ""
                }
            ]
        }
    ],
    "request": [
        {
            "query": "Lat 55.75 and Lon 37.62",
            "type": "LatLon"
        }
    ],
    "weather": [
        {
            "astronomy": [
                {
                    "moon_illumination": "94",
                    "moon_phase": "Waning Gibbous",
                    "moonrise": "09:08 PM",
                    "moonset": "08:43 AM",
                    "sunrise": "07:54 AM",
                    "sunset": "05:35 PM"
                }
            ],
            "avgtempC": "-9",
            "avgtempF": "17",
            "date": "2025-02-15",
            "hourly": [
                {
                    "DewPointC": "-9",
                    "DewPointF": "15",
                    "FeelsLikeC": "-13",
                    "FeelsLikeF": "9",
                    "HeatIndexC": "-7",
                    "HeatIndexF": "19",
                    "WindChillC": "-13",
                    "WindChillF": "9",
                    "WindGustKmph": "18",
                    "WindGustMiles": "11",
                    "chanceoffog": "0",
                    "chanceoffrost": "99",
                    "chanceofhightemp": "0",
                    "chanceofovercast": "81",
                    "chanceofrain": "0",
                    "chanceofremdry": "83",
                    "chanceofsnow": "0",
                    "chanceofsunshine": "5",
                    "chanceofthunder": "0",
                    "chanceofwindy": "0",
                    "cloudcover": "69",
                    "diffRad": "0.0",
                    "humidity": "85",
                    "lang_ru": [
                        {
                            "value": "Облачно"
                        }
                    ],
                    "precipInches": "0.0",
                    "precipMM": "0.0",
                    "pressure": "1012",
                    "pressureInches": "30",
                    "shortRad": "0.0",
                    "tempC": "-7",
                    "tempF": "19",
                    "time": "0",
                    "uvIndex": "0",
                    "visibility": "10",
                    "visibilityMiles": "6",
                    "weatherCode": "119",
                    "weatherDesc": [
                        {
                            "value": "Cloudy "
                        }
                    ],
                    "weatherIconUrl": [
                        {
                            "value": ""
                        }
                    ],
                    "winddir16Point": "N",
                    "winddirDegree": "7",
                    "windspeedKmph": "13",
                    "windspeedMiles": "8"
                },
                {
                    "DewPointC": "-11",
                    "DewPointF": "13",
                    "FeelsLikeC": "-15",
                    "FeelsLikeF": "5",
                    "HeatIndexC": "-9",
                    "HeatIndexF": "16",
                    "WindChillC": "-15",
                    "WindChillF": "5",
                    "WindGustKmph": "18",
                    "WindGustMiles": "11",
                    "chanceoffog": "0",
                    "chanceoffrost": "98",
                    "chanceofhightemp": "0",
                    "chanceofovercast": "85",
                    "chanceofrain": "0",
                    "chanceofremdry": "87",
                    "chanceofsnow": "0",
                    "chanceofsunshine": "17",
                    "chanceofthunder": "0",
                    "chanceofwindy": "0",
                    "cloudcover": "80",
                    "diffRad": "0.0",
                    "humidity": "87",
                    "lang_ru": [
                        {
                            "value": "Облачно"
                        }
                    ],
                    "precipInches": "0.0",
                    "precipMM": "0.0",
                    "pressure": "1012",
                    "pressureInches": "30",
                    "shortRad": "0.0",
                    "tempC": "-9",
                    "tempF": "16",
                    "time": "300",
                    "uvIndex": "0",
                    "visibility": "10",
                    "visibilityMiles": "6",
                    "weatherCode": "119",
                    "weatherDesc": [
                        {
                            "value": "Cloudy "
                        }
                    ],
                    "weatherIconUrl": [
                        {
                            "value": ""
                        }
                    ],
                    "winddir16Point": "N",
                    "winddirDegree": "359",
                    "windspeedKmph": "13",
                    "windspeedMiles": "8"
                },
                {
                    "DewPointC": "-11",
                    "DewPointF": "12",
                    "FeelsLikeC": "-16",
                    "FeelsLikeF": "3",
                    "HeatIndexC": "-10",
                    "HeatIndexF": "14",
                    "WindChillC": "-16",
                    "WindChillF": "3",
                    "WindGustKmph": "18",
                    "WindGustMiles": "11",
                    "chanceoffog": "0",
                    "chanceoffrost": "99",
                    "chanceofhightemp": "0",
                    "chanceofovercast": "91",
                    "chanceofrain": "0",
                    "chanceofremdry": "0",
                    "chanceofsnow": "70",
                    "chanceofsunshine": "0",
                    "chanceofthunder": "0",
                    "chanceofwindy": "0",
                    "cloudcover": "100",
                    "diffRad": "0.0",
                    "humidity": "88",
                    "lang_ru": [
                        {
                            "value": "Слабый дождь, гололёд"
                        }
                    ],
                    "precipInches": "0.0",
                    "precipMM": "0.0",
                    "pressure": "1012",
                    "pressureInches": "30",
                    "shortRad": "0.0",
                    "tempC": "-10",
                    "tempF": "14",
                    "time": "600",
                    "uvIndex": "0",
                    "visibility": "10",
                    "visibilityMiles": "6",
                    "weatherCode": "311",
                    "weatherDesc": [
                        {
                            "value": "Light freezing rain"
                        }
                    ],
                    "weatherIconUrl": [
                        {
                            "value": ""
                        }
                    ],
                    "winddir16Point": "N",
                    "winddirDegree": "355",
                    "windspeedKmph": "13",
                    "windspeedMiles": "8"
                },
                {
                    "DewPointC": "-12",
                    "DewPointF": "10",
                    "FeelsLikeC": "-16",
                    "FeelsLikeF": "3",
                    "HeatIndexC": "-9",
                    "HeatIndexF": "15",
                    "WindChillC": "-16",
                    "WindChillF": "3",
                    "WindGustKmph": "20",
                    "WindGustMiles": "13",
                    "chanceoffog": "0",
                    "chanceoffrost": "98",
                    "chanceofhightemp": "0",
                    "chanceofovercast": "90",
                    "chanceofrain": "0",
                    "chanceofremdry": "0",
                    "chanceofsnow": "83",
                    "chanceofsunshine": "0",
                    "chanceofthunder": "0",
                    "chanceofwindy": "0",
                    "cloudcover": "100",
                    "diffRad": "52.3",
                    "humidity": "80",
                    "lang_ru": [
                        {
                            "value": "Слабый дождь, гололёд"
                        }
                    ],
                    "precipInches": "0.0",
                    "precipMM": "0.0",
                    "pressure": "1013",
                    "pressureInches": "30",
                    "shortRad": "124.0",
                    "tempC": "-9",
                    "tempF": "15",
                    "time": "900",
                    "uvIndex": "0",
                    "visibility": "10",
                    "visibilityMiles": "6",
                    "weatherCode": "311",
                    "weatherDesc": [
                        {
                            "value": "Light freezing rain"
                        }
                    ],
                    "weatherIconUrl": [
                        {
                            "value": ""
                        }
                    ],
                    "winddir16Point": "N",
                    "winddirDegree": "358",
                    "windspeedKmph": "15",
                    "windspeedMiles": "10"
                },
                {
                    "DewPointC": "-13",
                    "DewPointF": "9",
                    "FeelsLikeC": "-14",
                    "FeelsLikeF": "8",
                    "HeatIndexC": "-7",
                    "HeatIndexF": "19",
                    "WindChillC": "-14",
                    "WindChillF": "8",
                    "WindGustKmph": "19",
                    "WindGustMiles": "12",
                    "chanceoffog": "0",
                    "chanceoffrost": "99",
                    "chanceofhightemp": "0",
                    "chanceofovercast": "83",
                    "chanceofrain": "0",
                    "chanceofremdry": "0",
                    "chanceofsnow": "71",
                    "chanceofsunshine": "0",
                    "chanceofthunder": "0",
                    "chanceofwindy": "0",
                    "cloudcover": "100",
                    "diffRad": "94.1",
                    "humidity": "66",
                    "lang_ru": [
                        {
                            "value": "Слабый дождь, гололёд"
                        }
                    ],
                    "precipInches": "0.0",
                    "precipMM": "0.0",
                    "pressure": "1012",
                    "pressureInches": "30",
                    "shortRad": "222.0",
                    "tempC": "-7",
                    "tempF": "19",
                    "time": "1200",
                    "uvIndex": "1",
                    "visibility": "10",
                    "visibilityMiles": "6",
                    "weatherCode": "311",
                    "weatherDesc": [
                        {
                            "value": "Light freezing rain"
                        }
                    ],
                    "weatherIconUrl": [
                        {
                            "value": ""
                        }
                    ],
                    "winddir16Point": "N",
                    "winddirDegree": "353",
                    "windspeedKmph": "15",
                    "windspeedMiles": "10"
                },
                {
                    "DewPointC": "-13",
                    "DewPointF": "9",
                    "FeelsLikeC": "-13",
                    "FeelsLikeF": "8",
                    "HeatIndexC": "-7",
                    "HeatIndexF": "19",
                    "WindChillC": "-13",
                    "WindChillF": "8",
                    "WindGustKmph": "20",
                    "WindGustMiles": "12",
                    "chanceoffog": "0",
                    "chanceoffrost": "98",
                    "chanceofhightemp": "0",
                    "chanceofovercast": "84",
                    "chanceofrain": "0",
                    "chanceofremdry": "0",
                    "chanceofsnow": "61",
                    "chanceofsunshine": "0",
                    "chanceofthunder": "0",
                    "chanceofwindy": "0",
                    "cloudcover": "100",
                    "diffRad": "66.6",
                    "humidity": "63",
                    "lang_ru": [
                        {
                            "value": "Слабый снег"
                        }
                    ],
                    "precipInches": "0.0",
                    "precipMM": "0.0",
                    "pressure": "1012",
                    "pressureInches": "30",
                    "shortRad": "145.4",
                    "tempC": "-7",
                    "tempF": "19",
                    "time": "1500",
                    "uvIndex": "0",
                    "visibility": "10",
                    "visibilityMiles": "6",
                    "weatherCode": "326",
                    "weatherDesc": [
                        {
                            "value": "Light snow"
                        }
                    ],
                    "weatherIconUrl": [
                        {
                            "value": ""
                        }
                    ],
                    "winddir16Point": "NNW",
                    "winddirDegree": "345",
                    "windspeedKmph": "14",
                    "windspeedMiles": "9"
                },
                {
                    "DewPointC": "-12",
                    "DewPointF": "11",
                    "FeelsLikeC": "-13",
                    "FeelsLikeF": "8",
                    "HeatIndexC": "-8",
                    "HeatIndexF": "17",
                    "WindChillC": "-13",
                    "WindChillF": "8",
                    "WindGustKmph": "16",
                    "WindGustMiles": "10",
                    "chanceoffog": "0",
                    "chanceoffrost": "98",
                    "chanceofhightemp": "0",
                    "chanceofovercast": "92",
                    "chanceofrain": "0",
                    "chanceofremdry": "0",
                    "chanceofsnow": "86",
                    "chanceofsunshine": "0",
                    "chanceofthunder": "0",
                    "chanceofwindy": "0",
                    "cloudcover": "100",
                    "diffRad": "24.2",
                    "humidity": "76",
                    "lang_ru": [
                        {
                            "value": "Слабый дождь, гололёд"
                        }
                    ],
                    "precipInches": "0.0",
                    "precipMM": "0.0",
                    "pressure": "1012",
                    "pressureInches": "30",
                    "shortRad": "52.4",
                    "tempC": "-8",
                    "tempF": "17",
                    "time": "1800",
                    "uvIndex": "0",
                    "visibility": "10",
                    "visibilityMiles": "6",
                    "weatherCode": "311",
                    "weatherDesc": [
                        {
                            "value": "Light freezing rain"
                        }
                    ],
                    "weatherIconUrl": [
                        {
                            "value": ""
                        }
                    ],
                    "winddir16Point": "NNW",
                    "winddirDegree": "341",
                    "windspeedKmph": "11",
                    "windspeedMiles": "7"
                },
                {
                    "DewPointC": "-11",
                    "DewPointF": "11",
                    "FeelsLikeC": "-14",
                    "FeelsLikeF": "7",
                    "HeatIndexC": "-9",
                    "HeatIndexF": "16",
                    "WindChillC": "-14",
                    "WindChillF": "7",
                    "WindGustKmph": "14",
                    "WindGustMiles": "9",
                    "chanceoffog": "0",
                    "chanceoffrost": "97",
                    "chanceofhightemp": "0",
                    "chanceofovercast": "94",
                    "chanceofrain": "0",
                    "chanceofremdry": "0",
                    "chanceofsnow": "67",
                    "chanceofsunshine": "0",
                    "chanceofthunder": "0",
                    "chanceofwindy": "0",
                    "cloudcover": "100",
                    "diffRad": "0.0",
                    "humidity": "83",
                    "lang_ru": [
                        {
                            "value": "Слабый дождь, гололёд"
                        }
                    ],
                    "precipInches": "0.0",
                    "precipMM": "0.0",
                    "pressure": "1012",
                    "pressureInches": "30",
                    "shortRad": "0.0",
                    "tempC": "-9",
                    "tempF": "16",
                    "time": "2100",
                    "uvIndex": "0",
                    "visibility": "10",
                    "visibilityMiles": "6",
                    "weatherCode": "311",
                    "weatherDesc": [
                        {
                            "value": "Light freezing rain"
                        }
                    ],
                    "weatherIconUrl": [
                        {
                            "value": ""
                        }
                    ],
                    "winddir16Point": "NNW",
                    "winddirDegree": "342",
                    "windspeedKmph": "10",
                    "windspeedMiles": "6"
                }
            ],
            "maxtempC": "-7",
            "maxtempF": "19",
            "mintempC": "-10",
            "mintempF": "14",
            "sunHour": "7.5",
            "totalSnow_cm": "0.1",
            "uvIndex": "0"
        },
        {
            "astronomy": [
                {
                    "moon_illumination": "89",
                    "moon_phase": "Waning Gibbous",
                    "moonrise": "10:23 PM",
                    "moonset": "08:47 AM",
                    "sunrise": "07:52 AM",
                    "sunset": "05:37 PM"
                }
            ],
            "avgtempC": "-8",
            "avgtempF": "17",
            "date": "2025-02-16",
            "hourly": [
                {
                    "DewPointC": "-11",
                    "DewPointF": "11",
                    "FeelsLikeC": "-14",
                    "FeelsLikeF": "6",
                    "HeatIndexC": "-9",
                    "HeatIndexF": "15",
                    "WindChillC": "-14",
                    "WindChillF": "6",
                    "WindGustKmph": "13",
                    "WindGustMiles": "8",
                    "chanceoffog": "0",
                    "chanceoffrost": "97",
                    "chanceofhightemp": "0",
                    "chanceofovercast": "91",
                    "chanceofrain": "0",
                    "chanceofremdry": "0",
                    "chanceofsnow": "80",
                    "chanceofsunshine": "0",
                    "chanceofthunder": "0",
                    "chanceofwindy": "0",
                    "cloudcover": "100",
                    "diffRad": "0.0",
                    "humidity": "85",
                    "lang_ru": [
                        {
                            "value": "Слабый дождь, гололёд"
                        }
                    ],
                    "precipInches": "0.0",
                    "precipMM": "0.0",
                    "pressure": "1012",
                    "pressureInches": "30",
                    "shortRad": "0.0",
                    "tempC": "-9",
                    "tempF": "15",
                    "time": "0",
                    "uvIndex": "0",
                    "visibility": "10",
                    "visibilityMiles": "6",
                    "weatherCode": "311",
                    "weatherDesc": [
                        {
                            "value": "Light freezing rain"
                        }
                    ],
                    "weatherIconUrl": [
                        {
                            "value": ""
                        }
                    ],
                    "winddir16Point": "NW",
                    "winddirDegree": "322",
                    "windspeedKmph": "9",
                    "windspeedMiles": "6"
                },
                {
                    "DewPointC": "-11",
                    "DewPointF": "11",
                    "FeelsLikeC": "-14",
                    "FeelsLikeF": "6",
                    "HeatIndexC": "-9",
                    "HeatIndexF": "15",
                    "WindChillC": "-14",
                    "WindChillF": "6",
                    "WindGustKmph": "15",
                    "WindGustMiles": "9",
                    "chanceoffog": "0",
                    "chanceoffrost": "96",
                    "chanceofhightemp": "0",
                    "chanceofovercast": "82",
                    "chanceofrain": "0",
                    "chanceofremdry": "0",
                    "chanceofsnow": "68",
                    "chanceofsunshine": "0",
                    "chanceofthunder": "0",
                    "chanceofwindy": "0",
                    "cloudcover": "100",
                    "diffRad": "0.0",
                    "humidity": "84",
                    "lang_ru": [
                        {
                            "value": "Слабый снег"
                        }
                    ],
                    "precipInches": "0.0",
                    "precipMM": "0.0",
                    "pressure": "1012",
                    "pressureInches": "30",
                    "shortRad": "0.0",
                    "tempC": "-9",
                    "tempF": "15",
                    "time": "300",
                    "uvIndex": "0",
                    "visibility": "10",
                    "visibilityMiles": "6",
                    "weatherCode": "326",
                    "weatherDesc": [
                        {
                            "value": "Light snow"
                        }
                    ],
                    "weatherIconUrl": [
                        {
                            "value": ""
                        }
                    ],
                    "winddir16Point": "NW",
                    "winddirDegree": "316",
                    "windspeedKmph": "10",
                    "windspeedMiles": "6"
                },
                {
                    "DewPointC": "-11",
                    "DewPointF": "12",
                    "FeelsLikeC": "-14",
                    "FeelsLikeF": "6",
                    "HeatIndexC": "-9",
                    "HeatIndexF": "16",
                    "WindChillC": "-14",
                    "WindChillF": "6",
                    "WindGustKmph": "15",
                    "WindGustMiles": "9",
                    "chanceoffog": "0",
                    "chanceoffrost": "96",
                    "chanceofhightemp": "0",
                    "chanceofovercast": "86",
                    "chanceofrain": "0",
                    "chanceofremdry": "0",
                    "chanceofsnow": "62",
                    "chanceofsunshine": "0",
                    "chanceofthunder": "0",
                    "chanceofwindy": "0",
                    "cloudcover": "100",
                    "diffRad": "0.0",
                    "humidity": "85",
                    "lang_ru": [
                        {
                            "value": "Слабый снег"
                        }
                    ],
                    "precipInches": "0.0",
                    "precipMM": "0.0",
                    "pressure": "1011",
                    "pressureInches": "30",
                    "shortRad": "0.0",
                    "tempC": "-9",
                    "tempF": "16",
                    "time": "600",
                    "uvIndex": "0",
                    "visibility": "10",
                    "visibilityMiles": "6",
                    "weatherCode": "326",
                    "weatherDesc": [
                        {
                            "value": "Light snow"
                        }
                    ],
                    "weatherIconUrl": [
                        {
                            "value": ""
                        }
                    ],
                    "winddir16Point": "NW",
                    "winddirDegree": "307",
                    "windspeedKmph": "11",
                    "windspeedMiles": "7"
                },
                {
                    "DewPointC": "-12",
                    "DewPointF": "11",
                    "FeelsLikeC": "-15",
                    "FeelsLikeF": "6",
                    "HeatIndexC": "-8",
                    "HeatIndexF": "17",
                    "WindChillC": "-15",
                    "WindChillF": "6",
                    "WindGustKmph": "19",
                    "WindGustMiles": "12",
                    "chanceoffog": "0",
                    "chanceoffrost": "95",
                    "chanceofhightemp": "0",
                    "chanceofovercast": "83",
                    "chanceofrain": "100",
                    "chanceofremdry": "0",
                    "chanceofsnow": "76",
                    "chanceofsunshine": "0",
                    "chanceofthunder": "0",
                    "chanceofwindy": "0",
                    "cloudcover": "100",
                    "diffRad": "36.5",
                    "humidity": "78",
                    "lang_ru": [
                        {
                            "value": "Небольшой снегопад"
                        }
                    ],
                    "precipInches": "0.0",
                    "precipMM": "0.1",
                    "pressure": "1012",
                    "pressureInches": "30",
                    "shortRad": "76.7",
                    "tempC": "-8",
                    "tempF": "17",
                    "time": "900",
                    "uvIndex": "0",
                    "visibility": "10",
                    "visibilityMiles": "6",
                    "weatherCode": "368",
                    "weatherDesc": [
                        {
                            "value": "Light snow showers"
                        }
                    ],
                    "weatherIconUrl": [
                        {
                            "value": ""
                        }
                    ],
                    "winddir16Point": "NW",
                    "winddirDegree": "325",
                    "windspeedKmph": "14",
                    "windspeedMiles": "9"
                },
                {
                    "DewPointC": "-13",
                    "DewPointF": "9",
                    "FeelsLikeC": "-13",
                    "FeelsLikeF": "8",
                    "HeatIndexC": "-7",
                    "HeatIndexF": "19",
                    "WindChillC": "-13",
                    "WindChillF": "8",
                    "WindGustKmph": "19",
                    "WindGustMiles": "12",
                    "chanceoffog": "0",
                    "chanceoffrost": "95",
                    "chanceofhightemp": "0",
                    "chanceofovercast": "80",
                    "chanceofrain": "0",
                    "chanceofremdry": "0",
                    "chanceofsnow": "75",
                    "chanceofsunshine": "0",
                    "chanceofthunder": "0",
                    "chanceofwindy": "0",
                    "cloudcover": "100",
                    "diffRad": "74.6",
                    "humidity": "66",
                    "lang_ru": [
                        {
                            "value": "Небольшой снегопад"
                        }
                    ],
                    "precipInches": "0.0",
                    "precipMM": "0.0",
                    "pressure": "1012",
                    "pressureInches": "30",
                    "shortRad": "154.9",
                    "tempC": "-7",
                    "tempF": "19",
                    "time": "1200",
                    "uvIndex": "1",
                    "visibility": "10",
                    "visibilityMiles": "6",
                    "weatherCode": "368",
                    "weatherDesc": [
                        {
                            "value": "Light snow showers"
                        }
                    ],
                    "weatherIconUrl": [
                        {
                            "value": ""
                        }
                    ],
                    "winddir16Point": "NW",
                    "winddirDegree": "325",
                    "windspeedKmph": "15",
                    "windspeedMiles": "9"
                },
                {
                    "DewPointC": "-13",
                    "DewPointF": "9",
                    "FeelsLikeC": "-12",
                    "FeelsLikeF": "10",
                    "HeatIndexC": "-7",
                    "HeatIndexF": "20",
                    "WindChillC": "-12",
                    "WindChillF": "10",
                    "WindGustKmph": "17",
                    "WindGustMiles": "11",
                    "chanceoffog": "0",
                    "chanceoffrost": "94",
                    "chanceofhightemp": "0",
                    "chanceofovercast": "88",
                    "chanceofrain": "100",
                    "chanceofremdry": "0",
                    "chanceofsnow": "89",
                    "chanceofsunshine": "0",
                    "chanceofthunder": "0",
                    "chanceofwindy": "0",
                    "cloudcover": "100",
                    "diffRad": "51.0",
                    "humidity": "64",
                    "lang_ru": [
                        {
                            "value": "Небольшой снегопад"
                        }
                    ],
                    "precipInches": "0.0",
                    "precipMM": "0.1",
                    "pressure": "1013",
                    "pressureInches": "30",
                    "shortRad": "106.2",
                    "tempC": "-7",
                    "tempF": "20",
                    "time": "1500",
                    "uvIndex": "0",
                    "visibility": "10",
                    "visibilityMiles": "6",
                    "weatherCode": "368",
                    "weatherDesc": [
                        {
                            "value": "Light snow showers"
                        }
                    ],
                    "weatherIconUrl": [
                        {
                            "value": ""
                        }
                    ],
                    "winddir16Point": "NW",
                    "winddirDegree": "324",
                    "windspeedKmph": "13",
                    "windspeedMiles": "8"
                },
                {
                    "DewPointC": "-12",
                    "DewPointF": "10",
                    "FeelsLikeC": "-13",
                    "FeelsLikeF": "8",
                    "HeatIndexC": "-8",
                    "HeatIndexF": "18",
                    "WindChillC": "-13",
                    "WindChillF": "8",
                    "WindGustKmph": "18",
                    "WindGustMiles": "11",
                    "chanceoffog": "0",
                    "chanceoffrost": "94",
                    "chanceofhightemp": "0",
                    "chanceofovercast": "94",
                    "chanceofrain": "0",
                    "chanceofremdry": "0",
                    "chanceofsnow": "86",
                    "chanceofsunshine": "0",
                    "chanceofthunder": "0",
                    "chanceofwindy": "0",
                    "cloudcover": "100",
                    "diffRad": "19.6",
                    "humidity": "71",
                    "lang_ru": [
                        {
                            "value": "Слабый дождь, гололёд"
                        }
                    ],
                    "precipInches": "0.0",
                    "precipMM": "0.0",
                    "pressure": "1014",
                    "pressureInches": "30",
                    "shortRad": "41.2",
                    "tempC": "-8",
                    "tempF": "18",
                    "time": "1800",
                    "uvIndex": "0",
                    "visibility": "10",
                    "visibilityMiles": "6",
                    "weatherCode": "311",
                    "weatherDesc": [
                        {
                            "value": "Light freezing rain"
                        }
                    ],
                    "weatherIconUrl": [
                        {
                            "value": ""
                        }
                    ],
                    "winddir16Point": "NW",
                    "winddirDegree": "313",
                    "windspeedKmph": "12",
                    "windspeedMiles": "7"
                },
                {
                    "DewPointC": "-12",
                    "DewPointF": "11",
                    "FeelsLikeC": "-14",
                    "FeelsLikeF": "7",
                    "HeatIndexC": "-9",
                    "HeatIndexF": "16",
                    "WindChillC": "-14",
                    "WindChillF": "7",
                    "WindGustKmph": "15",
                    "WindGustMiles": "9",
                    "chanceoffog": "0",
                    "chanceoffrost": "93",
                    "chanceofhightemp": "0",
                    "chanceofovercast": "40",
                    "chanceofrain": "0",
                    "chanceofremdry": "92",
                    "chanceofsnow": "0",
                    "chanceofsunshine": "81",
                    "chanceofthunder": "0",
                    "chanceofwindy": "0",
                    "cloudcover": "39",
                    "diffRad": "0.0",
                    "humidity": "81",
                    "lang_ru": [
                        {
                            "value": "Переменная облачность"
                        }
                    ],
                    "precipInches": "0.0",
                    "precipMM": "0.0",
                    "pressure": "1015",
                    "pressureInches": "30",
                    "shortRad": "0.0",
                    "tempC": "-9",
                    "tempF": "16",
                    "time": "2100",
                    "uvIndex": "0",
                    "visibility": "10",
                    "visibilityMiles": "6",
                    "weatherCode": "116",
                    "weatherDesc": [
                        {
                            "value": "Partly Cloudy "
                        }
                    ],
                    "weatherIconUrl": [
                        {
                            "value": ""
                        }
                    ],
                    "winddir16Point": "NW",
                    "winddirDegree": "310",
                    "windspeedKmph": "10",
                    "windspeedMiles": "6"
                }
            ],
            "maxtempC": "-7",
            "maxtempF": "19",
            "mintempC": "-10",
            "mintempF": "14",
            "sunHour": "7.8",
            "totalSnow_cm": "0.6",
            "uvIndex": "0"
        },
        {
            "astronomy": [
                {
                    "moon_illumination": "82",
                    "moon_phase": "Waning Gibbous",
                    "moonrise": "11:41 PM",
                    "moonset": "08:52 AM",
                    "sunrise": "07:50 AM",
                    "sunset": "05:39 PM"
                }
            ],
            "avgtempC": "-10",
            "avgtempF": "15",
            "date": "2025-02-17",
            "hourly": [
                {
                    "DewPointC": "-12",
                    "DewPointF": "11",
                    "FeelsLikeC": "-15",
                    "FeelsLikeF": "5",
                    "HeatIndexC": "-10",
                    "HeatIndexF": "14",
                    "WindChillC": "-15",
                    "WindChillF": "5",
                    "WindGustKmph": "14",
                    "WindGustMiles": "9",
                    "chanceoffog": "0",
                    "chanceoffrost": "93",
                    "chanceofhightemp": "0",
                    "chanceofovercast": "85",
                    "chanceofrain": "0",
                    "chanceofremdry": "93",
                    "chanceofsnow": "0",
                    "chanceofsunshine": "15",
                    "chanceofthunder": "0",
                    "chanceofwindy": "0",
                    "cloudcover": "100",
                    "diffRad": "0.0",
                    "humidity": "87",
                    "lang_ru": [
                        {
                            "value": "Пасмурно"
                        }
                    ],
                    "precipInches": "0.0",
                    "precipMM": "0.0",
                    "pressure": "1016",
                    "pressureInches": "30",
                    "shortRad": "0.0",
                    "tempC": "-10",
                    "tempF": "14",
                    "time": "0",
                    "uvIndex": "0",
                    "visibility": "10",
                    "visibilityMiles": "6",
                    "weatherCode": "122",
                    "weatherDesc": [
                        {
                            "value": "Overcast "
                        }
                    ],
                    "weatherIconUrl": [
                        {
                            "value": ""
                        }
                    ],
                    "winddir16Point": "WNW",
                    "winddirDegree": "298",
                    "windspeedKmph": "9",
                    "windspeedMiles": "6"
                },
                {
                    "DewPointC": "-12",
                    "DewPointF": "10",
                    "FeelsLikeC": "-16",
                    "FeelsLikeF": "4",
                    "HeatIndexC": "-10",
                    "HeatIndexF": "13",
                    "WindChillC": "-16",
                    "WindChillF": "4",
                    "WindGustKmph": "14",
                    "WindGustMiles": "9",
                    "chanceoffog": "0",
                    "chanceoffrost": "92",
                    "chanceofhightemp": "0",
                    "chanceofovercast": "92",
                    "chanceofrain": "0",
                    "chanceofremdry": "87",
                    "chanceofsnow": "0",
                    "chanceofsunshine": "10",
                    "chanceofthunder": "0",
                    "chanceofwindy": "0",
                    "cloudcover": "100",
                    "diffRad": "0.0",
                    "humidity": "89",
                    "lang_ru": [
                        {
                            "value": "Пасмурно"
                        }
                    ],
                    "precipInches": "0.0",
                    "precipMM": "0.0",
                    "pressure": "1017",
                    "pressureInches": "30",
                    "shortRad": "0.0",
                    "tempC": "-10",
                    "tempF": "13",
                    "time": "300",
                    "uvIndex": "0",
                    "visibility": "10",
                    "visibilityMiles": "6",
                    "weatherCode": "122",
                    "weatherDesc": [
                        {
                            "value": "Overcast "
                        }
                    ],
                    "weatherIconUrl": [
                        {
                            "value": ""
                        }
                    ],
                    "winddir16Point": "WNW",
                    "winddirDegree": "296",
                    "windspeedKmph": "9",
                    "windspeedMiles": "6"
                },
                {
                    "DewPointC": "-12",
                    "DewPointF": "10",
                    "FeelsLikeC": "-16",
                    "FeelsLikeF": "3",
                    "HeatIndexC": "-11",
                    "HeatIndexF": "12",
                    "WindChillC": "-16",
                    "WindChillF": "3",
                    "WindGustKmph": "13",
                    "WindGustMiles": "8",
                    "chanceoffog": "0",
                    "chanceoffrost": "92",
                    "chanceofhightemp": "0",
                    "chanceofovercast": "89",
                    "chanceofrain": "0",
                    "chanceofremdry": "81",
                    "chanceofsnow": "0",
                    "chanceofsunshine": "17",
                    "chanceofthunder": "0",
                    "chanceofwindy": "0",
                    "cloudcover": "77",
                    "diffRad": "0.0",
                    "humidity": "90",
                    "lang_ru": [
                        {
                            "value": "Облачно"
                        }
                    ],
                    "precipInches": "0.0",
                    "precipMM": "0.0",
                    "pressure": "1018",
                    "pressureInches": "30",
                    "shortRad": "0.0",
                    "tempC": "-11",
                    "tempF": "12",
                    "time": "600",
                    "uvIndex": "0",
                    "visibility": "10",
                    "visibilityMiles": "6",
                    "weatherCode": "119",
                    "weatherDesc": [
                        {
                            "value": "Cloudy "
                        }
                    ],
                    "weatherIconUrl": [
                        {
                            "value": ""
                        }
                    ],
                    "winddir16Point": "WNW",
                    "winddirDegree": "290",
                    "windspeedKmph": "9",
                    "windspeedMiles": "6"
                },
                {
                    "DewPointC": "-13",
                    "DewPointF": "8",
                    "FeelsLikeC": "-16",
                    "FeelsLikeF": "3",
                    "HeatIndexC": "-10",
                    "HeatIndexF": "14",
                    "WindChillC": "-16",
                    "WindChillF": "3",
                    "WindGustKmph": "16",
                    "WindGustMiles": "10",
                    "chanceoffog": "0",
                    "chanceoffrost": "91",
                    "chanceofhightemp": "0",
                    "chanceofovercast": "84",
                    "chanceofrain": "0",
                    "chanceofremdry": "94",
                    "chanceofsnow": "0",
                    "chanceofsunshine": "18",
                    "chanceofthunder": "0",
                    "chanceofwindy": "0",
                    "cloudcover": "75",
                    "diffRad": "54.5",
                    "humidity": "78",
                    "lang_ru": [
                        {
                            "value": "Облачно"
                        }
                    ],
                    "precipInches": "0.0",
                    "precipMM": "0.0",
                    "pressure": "1019",
                    "pressureInches": "30",
                    "shortRad": "145.4",
                    "tempC": "-10",
                    "tempF": "14",
                    "time": "900",
                    "uvIndex": "0",
                    "visibility": "10",
                    "visibilityMiles": "6",
                    "weatherCode": "119",
                    "weatherDesc": [
                        {
                            "value": "Cloudy "
                        }
                    ],
                    "weatherIconUrl": [
                        {
                            "value": ""
                        }
                    ],
                    "winddir16Point": "WNW",
                    "winddirDegree": "287",
                    "windspeedKmph": "12",
                    "windspeedMiles": "7"
                },
                {
                    "DewPointC": "-15",
                    "DewPointF": "6",
                    "FeelsLikeC": "-14",
                    "FeelsLikeF": "7",
                    "HeatIndexC": "-8",
                    "HeatIndexF": "17",
                    "WindChillC": "-14",
                    "WindChillF": "7",
                    "WindGustKmph": "15",
                    "WindGustMiles": "9",
                    "chanceoffog": "0",
                    "chanceoffrost": "90",
                    "chanceofhightemp": "0",
                    "chanceofovercast": "88",
                    "chanceofrain": "0",
                    "chanceofremdry": "91",
                    "chanceofsnow": "0",
                    "chanceofsunshine": "18",
                    "chanceofthunder": "0",
                    "chanceofwindy": "0",
                    "cloudcover": "67",
                    "diffRad": "89.4",
                    "humidity": "60",
                    "lang_ru": [
                        {
                            "value": "Облачно"
                        }
                    ],
                    "precipInches": "0.0",
                    "precipMM": "0.0",
                    "pressure": "1019",
                    "pressureInches": "30",
                    "shortRad": "263.5",
                    "tempC": "-8",
                    "tempF": "17",
                    "time": "1200",
                    "uvIndex": "1",
                    "visibility": "10",
                    "visibilityMiles": "6",
                    "weatherCode": "119",
                    "weatherDesc": [
                        {
                            "value": "Cloudy "
                        }
                    ],
                    "weatherIconUrl": [
                        {
                            "value": ""
                        }
                    ],
                    "winddir16Point": "W",
                    "winddirDegree": "264",
                    "windspeedKmph": "12",
                    "windspeedMiles": "7"
                },
                {
                    "DewPointC": "-15",
                    "DewPointF": "5",
                    "FeelsLikeC": "-13",
                    "FeelsLikeF": "9",
                    "HeatIndexC": "-7",
                    "HeatIndexF": "19",
                    "WindChillC": "-13",
                    "WindChillF": "9",
                    "WindGustKmph": "17",
                    "WindGustMiles": "10",
                    "chanceoffog": "0",
                    "chanceoffrost": "90",
                    "chanceofhightemp": "0",
                    "chanceofovercast": "0",
                    "chanceofrain": "0",
                    "chanceofremdry": "89",
                    "chanceofsnow": "0",
                    "chanceofsunshine": "90",
                    "chanceofthunder": "0",
                    "chanceofwindy": "0",
                    "cloudcover": "25",
                    "diffRad": "60.0",
                    "humidity": "54",
                    "lang_ru": [
                        {
                            "value": "Солнечно"
                        }
                    ],
                    "precipInches": "0.0",
                    "precipMM": "0.0",
                    "pressure": "1019",
                    "pressureInches": "30",
                    "shortRad": "208.6",
                    "tempC": "-7",
                    "tempF": "19",
                    "time": "1500",
                    "uvIndex": "0",
                    "visibility": "10",
                    "visibilityMiles": "6",
                    "weatherCode": "113",
                    "weatherDesc": [
                        {
                            "value": "Sunny"
                        }
                    ],
                    "weatherIconUrl": [
                        {
                            "value": ""
                        }
                    ],
                    "winddir16Point": "WSW",
                    "winddirDegree": "253",
                    "windspeedKmph": "12",
                    "windspeedMiles": "8"
                },
                {
                    "DewPointC": "-14",
                    "DewPointF": "7",
                    "FeelsLikeC": "-14",
                    "FeelsLikeF": "7",
                    "HeatIndexC": "-9",
                    "HeatIndexF": "16",
                    "WindChillC": "-14",
                    "WindChillF": "7",
                    "WindGustKmph": "16",
                    "WindGustMiles": "10",
                    "chanceoffog": "0",
                    "chanceoffrost": "89",
                    "chanceofhightemp": "0",
                    "chanceofovercast": "44",
                    "chanceofrain": "0",
                    "chanceofremdry": "81",
                    "chanceofsnow": "0",
                    "chanceofsunshine": "80",
                    "chanceofthunder": "0",
                    "chanceofwindy": "0",
                    "cloudcover": "41",
                    "diffRad": "24.2",
                    "humidity": "68",
                    "lang_ru": [
                        {
                            "value": "Переменная облачность"
                        }
                    ],
                    "precipInches": "0.0",
                    "precipMM": "0.0",
                    "pressure": "1020",
                    "pressureInches": "30",
                    "shortRad": "77.9",
                    "tempC": "-9",
                    "tempF": "16",
                    "time": "1800",
                    "uvIndex": "0",
                    "visibility": "10",
                    "visibilityMiles": "6",
                    "weatherCode": "116",
                    "weatherDesc": [
                        {
                            "value": "Partly Cloudy "
                        }
                    ],
                    "weatherIconUrl": [
                        {
                            "value": ""
                        }
                    ],
                    "winddir16Point": "SW",
                    "winddirDegree": "235",
                    "windspeedKmph": "9",
                    "windspeedMiles": "6"
                },
                {
                    "DewPointC": "-12",
                    "DewPointF": "10",
                    "FeelsLikeC": "-14",
                    "FeelsLikeF": "8",
                    "HeatIndexC": "-9",
                    "HeatIndexF": "16",
                    "WindChillC": "-14",
                    "WindChillF": "8",
                    "WindGustKmph": "13",
                    "WindGustMiles": "8",
                    "chanceoffog": "0",
                    "chanceoffrost": "89",
                    "chanceofhightemp": "0",
                    "chanceofovercast": "91",
                    "chanceofrain": "0",
                    "chanceofremdry": "90",
                    "chanceofsnow": "0",
                    "chanceofsunshine": "18",
                    "chanceofthunder": "0",
                    "chanceofwindy": "0",
                    "cloudcover": "100",
                    "diffRad": "0.0",
                    "humidity": "76",
                    "lang_ru": [
                        {
                            "value": "Пасмурно"
                        }
                    ],
                    "precipInches": "0.0",
                    "precipMM": "0.0",
                    "pressure": "1020",
                    "pressureInches": "30",
                    "shortRad": "0.0",
                    "tempC": "-9",
                    "tempF": "16",
                    "time": "2100",
                    "uvIndex": "0",
                    "visibility": "10",
                    "visibilityMiles": "6",
                    "weatherCode": "122",
                    "weatherDesc": [
                        {
                            "value": "Overcast "
                        }
                    ],
                    "weatherIconUrl": [
                        {
                            "value": ""
                        }
                    ],
                    "winddir16Point": "SSW",
                    "winddirDegree": "214",
                    "windspeedKmph": "8",
                    "windspeedMiles": "5"
                }
            ],
            "maxtempC": "-8",
            "maxtempF": "18",
            "mintempC": "-11",
            "mintempF": "13",
            "sunHour": "8.0",
            "totalSnow_cm": "0.0",
            "uvIndex": "0"
        }
    ]
}
